2019-11-18 13:59:52.996 app.name_IS_UNDEFINED [main] INFO  c.j.d.l.LiquibasedemoApplication - Starting LiquibasedemoApplication on DESKTOP-9UIFKGS with PID 193064 (D:\taskDemo\javaresources\practices\liquibasedemo\target\classes started by JIAY in D:\taskDemo\javaresources\practices\liquibasedemo)
2019-11-18 13:59:52.997 app.name_IS_UNDEFINED [main] INFO  c.j.d.l.LiquibasedemoApplication - The following profiles are active: dev
2019-11-18 14:06:26.903 app.name_IS_UNDEFINED [main] INFO  c.j.d.l.LiquibasedemoApplication - Starting LiquibasedemoApplication on DESKTOP-9UIFKGS with PID 195132 (D:\taskDemo\javaresources\practices\liquibasedemo\target\classes started by JIAY in D:\taskDemo\javaresources\practices\liquibasedemo)
2019-11-18 14:06:26.911 app.name_IS_UNDEFINED [main] INFO  c.j.d.l.LiquibasedemoApplication - The following profiles are active: dev
2019-11-18 14:13:02.648 app.name_IS_UNDEFINED [main] INFO  c.j.d.l.LiquibasedemoApplication - Starting LiquibasedemoApplication on DESKTOP-9UIFKGS with PID 194328 (D:\taskDemo\javaresources\practices\liquibasedemo\target\classes started by JIAY in D:\taskDemo\javaresources\practices\liquibasedemo)
2019-11-18 14:13:02.648 app.name_IS_UNDEFINED [main] INFO  c.j.d.l.LiquibasedemoApplication - The following profiles are active: dev
2019-11-18 14:17:16.222 app.name_IS_UNDEFINED [main] INFO  c.j.d.l.LiquibasedemoApplication - Starting LiquibasedemoApplication on DESKTOP-9UIFKGS with PID 190436 (D:\taskDemo\javaresources\practices\liquibasedemo\target\classes started by JIAY in D:\taskDemo\javaresources\practices\liquibasedemo)
2019-11-18 14:17:16.223 app.name_IS_UNDEFINED [main] INFO  c.j.d.l.LiquibasedemoApplication - The following profiles are active: dev
2019-11-18 14:17:16.895 app.name_IS_UNDEFINED [main] INFO  com.zaxxer.hikari.HikariDataSource - IotHikariCP - Starting...
2019-11-18 14:17:16.992 app.name_IS_UNDEFINED [main] INFO  com.zaxxer.hikari.HikariDataSource - IotHikariCP - Start completed.
2019-11-18 14:17:17.957 app.name_IS_UNDEFINED [main] INFO  liquibase.executor.jvm.JdbcExecutor - SELECT COUNT(*) FROM jiay.DATABASECHANGELOGLOCK
2019-11-18 14:17:18.014 app.name_IS_UNDEFINED [main] INFO  liquibase.executor.jvm.JdbcExecutor - CREATE TABLE jiay.DATABASECHANGELOGLOCK (ID INT NOT NULL, `LOCKED` BIT(1) NOT NULL, LOCKGRANTED datetime NULL, LOCKEDBY VARCHAR(255) NULL, CONSTRAINT PK_DATABASECHANGELOGLOCK PRIMARY KEY (ID))
2019-11-18 14:17:18.530 app.name_IS_UNDEFINED [main] INFO  liquibase.executor.jvm.JdbcExecutor - SELECT COUNT(*) FROM jiay.DATABASECHANGELOGLOCK
2019-11-18 14:17:18.565 app.name_IS_UNDEFINED [main] INFO  liquibase.executor.jvm.JdbcExecutor - DELETE FROM jiay.DATABASECHANGELOGLOCK
2019-11-18 14:17:18.626 app.name_IS_UNDEFINED [main] INFO  liquibase.executor.jvm.JdbcExecutor - INSERT INTO jiay.DATABASECHANGELOGLOCK (ID, `LOCKED`) VALUES (1, 0)
2019-11-18 14:17:18.688 app.name_IS_UNDEFINED [main] INFO  liquibase.executor.jvm.JdbcExecutor - SELECT `LOCKED` FROM jiay.DATABASECHANGELOGLOCK WHERE ID=1
2019-11-18 14:17:18.802 app.name_IS_UNDEFINED [main] INFO  l.lockservice.StandardLockService - Successfully acquired change log lock
2019-11-18 14:17:20.013 app.name_IS_UNDEFINED [main] INFO  l.c.StandardChangeLogHistoryService - Creating database history table with name: jiay.DATABASECHANGELOG
2019-11-18 14:17:20.014 app.name_IS_UNDEFINED [main] INFO  liquibase.executor.jvm.JdbcExecutor - CREATE TABLE jiay.DATABASECHANGELOG (ID VARCHAR(255) NOT NULL, AUTHOR VARCHAR(255) NOT NULL, FILENAME VARCHAR(255) NOT NULL, DATEEXECUTED datetime NOT NULL, ORDEREXECUTED INT NOT NULL, EXECTYPE VARCHAR(10) NOT NULL, MD5SUM VARCHAR(35) NULL, `DESCRIPTION` VARCHAR(255) NULL, COMMENTS VARCHAR(255) NULL, TAG VARCHAR(255) NULL, LIQUIBASE VARCHAR(20) NULL, CONTEXTS VARCHAR(255) NULL, LABELS VARCHAR(255) NULL, DEPLOYMENT_ID VARCHAR(10) NULL)
2019-11-18 14:17:20.502 app.name_IS_UNDEFINED [main] INFO  liquibase.executor.jvm.JdbcExecutor - SELECT COUNT(*) FROM jiay.DATABASECHANGELOG
2019-11-18 14:17:20.503 app.name_IS_UNDEFINED [main] INFO  l.c.StandardChangeLogHistoryService - Reading from jiay.DATABASECHANGELOG
2019-11-18 14:17:20.504 app.name_IS_UNDEFINED [main] INFO  liquibase.executor.jvm.JdbcExecutor - SELECT * FROM jiay.DATABASECHANGELOG ORDER BY DATEEXECUTED ASC, ORDEREXECUTED ASC
2019-11-18 14:17:20.505 app.name_IS_UNDEFINED [main] INFO  liquibase.executor.jvm.JdbcExecutor - SELECT COUNT(*) FROM jiay.DATABASECHANGELOGLOCK
2019-11-18 14:17:20.509 app.name_IS_UNDEFINED [main] INFO  liquibase.executor.jvm.JdbcExecutor - CREATE TABLE jiay.user (Id VARCHAR(36) NOT NULL, Name VARCHAR(50) NULL, Age INT NULL, CONSTRAINT PK_USER PRIMARY KEY (Id))
2019-11-18 14:17:20.550 app.name_IS_UNDEFINED [main] INFO  l.lockservice.StandardLockService - Successfully released change log lock
2019-11-18 14:17:20.551 app.name_IS_UNDEFINED [main] INFO  com.zaxxer.hikari.HikariDataSource - IotHikariCP - Shutdown initiated...
2019-11-18 14:17:20.555 app.name_IS_UNDEFINED [main] INFO  com.zaxxer.hikari.HikariDataSource - IotHikariCP - Shutdown completed.
2019-11-18 14:20:06.962 app.name_IS_UNDEFINED [main] INFO  c.j.d.l.LiquibasedemoApplication - Starting LiquibasedemoApplication on DESKTOP-9UIFKGS with PID 194852 (D:\taskDemo\javaresources\practices\liquibasedemo\target\classes started by JIAY in D:\taskDemo\javaresources\practices\liquibasedemo)
2019-11-18 14:20:06.964 app.name_IS_UNDEFINED [main] INFO  c.j.d.l.LiquibasedemoApplication - The following profiles are active: dev
2019-11-18 14:20:07.611 app.name_IS_UNDEFINED [main] INFO  com.zaxxer.hikari.HikariDataSource - IotHikariCP - Starting...
2019-11-18 14:20:07.707 app.name_IS_UNDEFINED [main] INFO  com.zaxxer.hikari.HikariDataSource - IotHikariCP - Start completed.
2019-11-18 14:20:08.734 app.name_IS_UNDEFINED [main] INFO  liquibase.executor.jvm.JdbcExecutor - SELECT COUNT(*) FROM jiay.DATABASECHANGELOGLOCK
2019-11-18 14:20:08.738 app.name_IS_UNDEFINED [main] INFO  liquibase.executor.jvm.JdbcExecutor - SELECT COUNT(*) FROM jiay.DATABASECHANGELOGLOCK
2019-11-18 14:20:08.739 app.name_IS_UNDEFINED [main] INFO  liquibase.executor.jvm.JdbcExecutor - SELECT `LOCKED` FROM jiay.DATABASECHANGELOGLOCK WHERE ID=1
2019-11-18 14:20:08.782 app.name_IS_UNDEFINED [main] INFO  l.lockservice.StandardLockService - Successfully acquired change log lock
2019-11-18 14:20:10.007 app.name_IS_UNDEFINED [main] INFO  liquibase.executor.jvm.JdbcExecutor - SELECT MD5SUM FROM jiay.DATABASECHANGELOG WHERE MD5SUM IS NOT NULL LIMIT 1
2019-11-18 14:20:10.008 app.name_IS_UNDEFINED [main] INFO  liquibase.executor.jvm.JdbcExecutor - SELECT COUNT(*) FROM jiay.DATABASECHANGELOG
2019-11-18 14:20:10.008 app.name_IS_UNDEFINED [main] INFO  l.c.StandardChangeLogHistoryService - Reading from jiay.DATABASECHANGELOG
2019-11-18 14:20:10.008 app.name_IS_UNDEFINED [main] INFO  liquibase.executor.jvm.JdbcExecutor - SELECT * FROM jiay.DATABASECHANGELOG ORDER BY DATEEXECUTED ASC, ORDEREXECUTED ASC
2019-11-18 14:20:10.052 app.name_IS_UNDEFINED [main] INFO  l.lockservice.StandardLockService - Successfully released change log lock
2019-11-18 14:20:10.128 app.name_IS_UNDEFINED [main] INFO  c.j.d.l.LiquibasedemoApplication - Started LiquibasedemoApplication in 3.611 seconds (JVM running for 4.499)
2019-11-18 14:20:10.132 app.name_IS_UNDEFINED [SpringContextShutdownHook] INFO  com.zaxxer.hikari.HikariDataSource - IotHikariCP - Shutdown initiated...
2019-11-18 14:20:10.136 app.name_IS_UNDEFINED [SpringContextShutdownHook] INFO  com.zaxxer.hikari.HikariDataSource - IotHikariCP - Shutdown completed.
2019-11-18 14:29:09.244 app.name_IS_UNDEFINED [main] INFO  c.j.d.l.LiquibasedemoApplication - Starting LiquibasedemoApplication on DESKTOP-9UIFKGS with PID 197124 (D:\taskDemo\javaresources\practices\liquibasedemo\target\classes started by JIAY in D:\taskDemo\javaresources\practices\liquibasedemo)
2019-11-18 14:29:09.245 app.name_IS_UNDEFINED [main] INFO  c.j.d.l.LiquibasedemoApplication - The following profiles are active: dev
2019-11-18 14:29:10.117 app.name_IS_UNDEFINED [main] INFO  o.s.b.w.e.tomcat.TomcatWebServer - Tomcat initialized with port(s): 8080 (http)
2019-11-18 14:29:10.124 app.name_IS_UNDEFINED [main] INFO  o.a.coyote.http11.Http11NioProtocol - Initializing ProtocolHandler ["http-nio-8080"]
2019-11-18 14:29:10.124 app.name_IS_UNDEFINED [main] INFO  o.a.catalina.core.StandardService - Starting service [Tomcat]
2019-11-18 14:29:10.125 app.name_IS_UNDEFINED [main] INFO  o.a.catalina.core.StandardEngine - Starting Servlet engine: [Apache Tomcat/9.0.27]
2019-11-18 14:29:10.194 app.name_IS_UNDEFINED [main] INFO  o.a.c.c.C.[Tomcat].[localhost].[/] - Initializing Spring embedded WebApplicationContext
2019-11-18 14:29:10.194 app.name_IS_UNDEFINED [main] INFO  o.s.web.context.ContextLoader - Root WebApplicationContext: initialization completed in 903 ms
2019-11-18 14:29:10.328 app.name_IS_UNDEFINED [main] INFO  com.zaxxer.hikari.HikariDataSource - IotHikariCP - Starting...
2019-11-18 14:29:10.422 app.name_IS_UNDEFINED [main] INFO  com.zaxxer.hikari.HikariDataSource - IotHikariCP - Start completed.
2019-11-18 14:29:10.704 app.name_IS_UNDEFINED [main] INFO  o.s.s.c.ThreadPoolTaskExecutor - Initializing ExecutorService 'applicationTaskExecutor'
2019-11-18 14:29:11.563 app.name_IS_UNDEFINED [main] INFO  liquibase.executor.jvm.JdbcExecutor - SELECT COUNT(*) FROM jiay.DATABASECHANGELOGLOCK
2019-11-18 14:29:11.567 app.name_IS_UNDEFINED [main] INFO  liquibase.executor.jvm.JdbcExecutor - SELECT COUNT(*) FROM jiay.DATABASECHANGELOGLOCK
2019-11-18 14:29:11.568 app.name_IS_UNDEFINED [main] INFO  liquibase.executor.jvm.JdbcExecutor - SELECT `LOCKED` FROM jiay.DATABASECHANGELOGLOCK WHERE ID=1
2019-11-18 14:29:11.628 app.name_IS_UNDEFINED [main] INFO  l.lockservice.StandardLockService - Successfully acquired change log lock
2019-11-18 14:29:12.883 app.name_IS_UNDEFINED [main] INFO  liquibase.executor.jvm.JdbcExecutor - SELECT MD5SUM FROM jiay.DATABASECHANGELOG WHERE MD5SUM IS NOT NULL LIMIT 1
2019-11-18 14:29:12.884 app.name_IS_UNDEFINED [main] INFO  liquibase.executor.jvm.JdbcExecutor - SELECT COUNT(*) FROM jiay.DATABASECHANGELOG
2019-11-18 14:29:12.884 app.name_IS_UNDEFINED [main] INFO  l.c.StandardChangeLogHistoryService - Reading from jiay.DATABASECHANGELOG
2019-11-18 14:29:12.885 app.name_IS_UNDEFINED [main] INFO  liquibase.executor.jvm.JdbcExecutor - SELECT * FROM jiay.DATABASECHANGELOG ORDER BY DATEEXECUTED ASC, ORDEREXECUTED ASC
2019-11-18 14:29:12.946 app.name_IS_UNDEFINED [main] INFO  l.lockservice.StandardLockService - Successfully released change log lock
2019-11-18 14:29:12.998 app.name_IS_UNDEFINED [main] INFO  o.a.coyote.http11.Http11NioProtocol - Starting ProtocolHandler ["http-nio-8080"]
2019-11-18 14:29:13.016 app.name_IS_UNDEFINED [main] INFO  o.s.b.w.e.tomcat.TomcatWebServer - Tomcat started on port(s): 8080 (http) with context path ''
2019-11-18 14:29:13.019 app.name_IS_UNDEFINED [main] INFO  c.j.d.l.LiquibasedemoApplication - Started LiquibasedemoApplication in 4.263 seconds (JVM running for 5.191)
2019-11-18 14:29:23.692 app.name_IS_UNDEFINED [http-nio-8080-exec-1] INFO  o.a.c.c.C.[Tomcat].[localhost].[/] - Initializing Spring DispatcherServlet 'dispatcherServlet'
2019-11-18 14:29:23.692 app.name_IS_UNDEFINED [http-nio-8080-exec-1] INFO  o.s.web.servlet.DispatcherServlet - Initializing Servlet 'dispatcherServlet'
2019-11-18 14:29:23.698 app.name_IS_UNDEFINED [http-nio-8080-exec-1] INFO  o.s.web.servlet.DispatcherServlet - Completed initialization in 6 ms
2019-11-18 14:31:52.721 app.name_IS_UNDEFINED [main] INFO  c.j.d.l.LiquibasedemoApplication - Starting LiquibasedemoApplication on DESKTOP-9UIFKGS with PID 195904 (D:\taskDemo\javaresources\practices\liquibasedemo\target\classes started by JIAY in D:\taskDemo\javaresources\practices\liquibasedemo)
2019-11-18 14:31:52.722 app.name_IS_UNDEFINED [main] INFO  c.j.d.l.LiquibasedemoApplication - The following profiles are active: dev
2019-11-18 14:31:53.513 app.name_IS_UNDEFINED [main] INFO  o.s.b.w.e.tomcat.TomcatWebServer - Tomcat initialized with port(s): 8080 (http)
2019-11-18 14:31:53.520 app.name_IS_UNDEFINED [main] INFO  o.a.coyote.http11.Http11NioProtocol - Initializing ProtocolHandler ["http-nio-8080"]
2019-11-18 14:31:53.520 app.name_IS_UNDEFINED [main] INFO  o.a.catalina.core.StandardService - Starting service [Tomcat]
2019-11-18 14:31:53.521 app.name_IS_UNDEFINED [main] INFO  o.a.catalina.core.StandardEngine - Starting Servlet engine: [Apache Tomcat/9.0.27]
2019-11-18 14:31:53.591 app.name_IS_UNDEFINED [main] INFO  o.a.c.c.C.[Tomcat].[localhost].[/] - Initializing Spring embedded WebApplicationContext
2019-11-18 14:31:53.591 app.name_IS_UNDEFINED [main] INFO  o.s.web.context.ContextLoader - Root WebApplicationContext: initialization completed in 814 ms
2019-11-18 14:31:53.730 app.name_IS_UNDEFINED [main] INFO  com.zaxxer.hikari.HikariDataSource - IotHikariCP - Starting...
2019-11-18 14:31:53.833 app.name_IS_UNDEFINED [main] INFO  com.zaxxer.hikari.HikariDataSource - IotHikariCP - Start completed.
2019-11-18 14:31:54.104 app.name_IS_UNDEFINED [main] INFO  o.s.s.c.ThreadPoolTaskExecutor - Initializing ExecutorService 'applicationTaskExecutor'
2019-11-18 14:31:54.969 app.name_IS_UNDEFINED [main] INFO  liquibase.executor.jvm.JdbcExecutor - SELECT COUNT(*) FROM jiay.DATABASECHANGELOGLOCK
2019-11-18 14:31:54.973 app.name_IS_UNDEFINED [main] INFO  liquibase.executor.jvm.JdbcExecutor - SELECT COUNT(*) FROM jiay.DATABASECHANGELOGLOCK
2019-11-18 14:31:54.975 app.name_IS_UNDEFINED [main] INFO  liquibase.executor.jvm.JdbcExecutor - SELECT `LOCKED` FROM jiay.DATABASECHANGELOGLOCK WHERE ID=1
2019-11-18 14:31:55.029 app.name_IS_UNDEFINED [main] INFO  l.lockservice.StandardLockService - Successfully acquired change log lock
2019-11-18 14:31:56.244 app.name_IS_UNDEFINED [main] INFO  liquibase.executor.jvm.JdbcExecutor - SELECT MD5SUM FROM jiay.DATABASECHANGELOG WHERE MD5SUM IS NOT NULL LIMIT 1
2019-11-18 14:31:56.245 app.name_IS_UNDEFINED [main] INFO  liquibase.executor.jvm.JdbcExecutor - SELECT COUNT(*) FROM jiay.DATABASECHANGELOG
2019-11-18 14:31:56.245 app.name_IS_UNDEFINED [main] INFO  l.c.StandardChangeLogHistoryService - Reading from jiay.DATABASECHANGELOG
2019-11-18 14:31:56.245 app.name_IS_UNDEFINED [main] INFO  liquibase.executor.jvm.JdbcExecutor - SELECT * FROM jiay.DATABASECHANGELOG ORDER BY DATEEXECUTED ASC, ORDEREXECUTED ASC
2019-11-18 14:31:56.274 app.name_IS_UNDEFINED [main] INFO  l.lockservice.StandardLockService - Successfully released change log lock
2019-11-18 14:31:56.349 app.name_IS_UNDEFINED [main] INFO  o.a.coyote.http11.Http11NioProtocol - Starting ProtocolHandler ["http-nio-8080"]
2019-11-18 14:31:56.377 app.name_IS_UNDEFINED [main] INFO  o.s.b.w.e.tomcat.TomcatWebServer - Tomcat started on port(s): 8080 (http) with context path ''
2019-11-18 14:31:56.381 app.name_IS_UNDEFINED [main] INFO  c.j.d.l.LiquibasedemoApplication - Started LiquibasedemoApplication in 4.184 seconds (JVM running for 5.167)
2019-11-18 14:32:02.280 app.name_IS_UNDEFINED [http-nio-8080-exec-1] INFO  o.a.c.c.C.[Tomcat].[localhost].[/] - Initializing Spring DispatcherServlet 'dispatcherServlet'
2019-11-18 14:32:02.281 app.name_IS_UNDEFINED [http-nio-8080-exec-1] INFO  o.s.web.servlet.DispatcherServlet - Initializing Servlet 'dispatcherServlet'
2019-11-18 14:32:02.285 app.name_IS_UNDEFINED [http-nio-8080-exec-1] INFO  o.s.web.servlet.DispatcherServlet - Completed initialization in 4 ms
2019-11-18 14:43:50.060 app.name_IS_UNDEFINED [main] INFO  c.j.d.l.LiquibasedemoApplication - Starting LiquibasedemoApplication on DESKTOP-9UIFKGS with PID 198288 (D:\taskDemo\javaresources\practices\liquibasedemo\target\classes started by JIAY in D:\taskDemo\javaresources\practices\liquibasedemo)
2019-11-18 14:43:50.061 app.name_IS_UNDEFINED [main] INFO  c.j.d.l.LiquibasedemoApplication - The following profiles are active: dev
2019-11-18 14:43:50.845 app.name_IS_UNDEFINED [main] INFO  o.s.b.w.e.tomcat.TomcatWebServer - Tomcat initialized with port(s): 8080 (http)
2019-11-18 14:43:50.852 app.name_IS_UNDEFINED [main] INFO  o.a.coyote.http11.Http11NioProtocol - Initializing ProtocolHandler ["http-nio-8080"]
2019-11-18 14:43:50.852 app.name_IS_UNDEFINED [main] INFO  o.a.catalina.core.StandardService - Starting service [Tomcat]
2019-11-18 14:43:50.852 app.name_IS_UNDEFINED [main] INFO  o.a.catalina.core.StandardEngine - Starting Servlet engine: [Apache Tomcat/9.0.27]
2019-11-18 14:43:50.925 app.name_IS_UNDEFINED [main] INFO  o.a.c.c.C.[Tomcat].[localhost].[/] - Initializing Spring embedded WebApplicationContext
2019-11-18 14:43:50.925 app.name_IS_UNDEFINED [main] INFO  o.s.web.context.ContextLoader - Root WebApplicationContext: initialization completed in 814 ms
2019-11-18 14:43:51.081 app.name_IS_UNDEFINED [main] INFO  com.zaxxer.hikari.HikariDataSource - IotHikariCP - Starting...
2019-11-18 14:43:51.180 app.name_IS_UNDEFINED [main] INFO  com.zaxxer.hikari.HikariDataSource - IotHikariCP - Start completed.
2019-11-18 14:43:51.456 app.name_IS_UNDEFINED [main] INFO  o.s.s.c.ThreadPoolTaskExecutor - Initializing ExecutorService 'applicationTaskExecutor'
2019-11-18 14:43:52.352 app.name_IS_UNDEFINED [main] INFO  liquibase.executor.jvm.JdbcExecutor - SELECT COUNT(*) FROM jiay.DATABASECHANGELOGLOCK
2019-11-18 14:43:52.356 app.name_IS_UNDEFINED [main] INFO  liquibase.executor.jvm.JdbcExecutor - SELECT COUNT(*) FROM jiay.DATABASECHANGELOGLOCK
2019-11-18 14:43:52.358 app.name_IS_UNDEFINED [main] INFO  liquibase.executor.jvm.JdbcExecutor - SELECT `LOCKED` FROM jiay.DATABASECHANGELOGLOCK WHERE ID=1
2019-11-18 14:43:52.406 app.name_IS_UNDEFINED [main] INFO  l.lockservice.StandardLockService - Successfully acquired change log lock
2019-11-18 14:43:53.631 app.name_IS_UNDEFINED [main] INFO  liquibase.executor.jvm.JdbcExecutor - SELECT MD5SUM FROM jiay.DATABASECHANGELOG WHERE MD5SUM IS NOT NULL LIMIT 1
2019-11-18 14:43:53.632 app.name_IS_UNDEFINED [main] INFO  liquibase.executor.jvm.JdbcExecutor - SELECT COUNT(*) FROM jiay.DATABASECHANGELOG
2019-11-18 14:43:53.632 app.name_IS_UNDEFINED [main] INFO  l.c.StandardChangeLogHistoryService - Reading from jiay.DATABASECHANGELOG
2019-11-18 14:43:53.632 app.name_IS_UNDEFINED [main] INFO  liquibase.executor.jvm.JdbcExecutor - SELECT * FROM jiay.DATABASECHANGELOG ORDER BY DATEEXECUTED ASC, ORDEREXECUTED ASC
2019-11-18 14:43:53.638 app.name_IS_UNDEFINED [main] INFO  liquibase.executor.jvm.JdbcExecutor - CREATE TABLE jiay.user (Id VARCHAR(36) NOT NULL, Name VARCHAR(50) NULL, Age INT NULL, CONSTRAINT PK_USER PRIMARY KEY (Id))
2019-11-18 14:43:53.858 app.name_IS_UNDEFINED [main] INFO  liquibase.changelog.ChangeSet - Table user created
2019-11-18 14:43:53.858 app.name_IS_UNDEFINED [main] INFO  liquibase.changelog.ChangeSet - ChangeSet classpath:liquibase/init-table.xml::1574053603125-1::JIAY (generated) ran successfully in 221ms
2019-11-18 14:43:53.859 app.name_IS_UNDEFINED [main] INFO  liquibase.executor.jvm.JdbcExecutor - SELECT MAX(ORDEREXECUTED) FROM jiay.DATABASECHANGELOG
2019-11-18 14:43:53.880 app.name_IS_UNDEFINED [main] INFO  liquibase.executor.jvm.JdbcExecutor - INSERT INTO jiay.DATABASECHANGELOG (ID, AUTHOR, FILENAME, DATEEXECUTED, ORDEREXECUTED, MD5SUM, `DESCRIPTION`, COMMENTS, EXECTYPE, CONTEXTS, LABELS, LIQUIBASE, DEPLOYMENT_ID) VALUES ('1574053603125-1', 'JIAY (generated)', 'classpath:liquibase/init-table.xml', NOW(), 1, '8:e4c368616e4b4ce39903d7d6201c597c', 'createTable tableName=user', '', 'EXECUTED', NULL, NULL, '3.8.1', '4059433633')
2019-11-18 14:43:53.948 app.name_IS_UNDEFINED [main] INFO  l.lockservice.StandardLockService - Successfully released change log lock
2019-11-18 14:43:54.025 app.name_IS_UNDEFINED [main] INFO  o.a.coyote.http11.Http11NioProtocol - Starting ProtocolHandler ["http-nio-8080"]
2019-11-18 14:43:54.041 app.name_IS_UNDEFINED [main] INFO  o.s.b.w.e.tomcat.TomcatWebServer - Tomcat started on port(s): 8080 (http) with context path ''
2019-11-18 14:43:54.044 app.name_IS_UNDEFINED [main] INFO  c.j.d.l.LiquibasedemoApplication - Started LiquibasedemoApplication in 4.499 seconds (JVM running for 5.426)
2019-11-18 14:45:03.983 app.name_IS_UNDEFINED [main] INFO  c.j.d.l.LiquibasedemoApplication - Starting LiquibasedemoApplication on DESKTOP-9UIFKGS with PID 195624 (D:\taskDemo\javaresources\practices\liquibasedemo\target\classes started by JIAY in D:\taskDemo\javaresources\practices\liquibasedemo)
2019-11-18 14:45:03.984 app.name_IS_UNDEFINED [main] INFO  c.j.d.l.LiquibasedemoApplication - The following profiles are active: dev
2019-11-18 14:45:04.770 app.name_IS_UNDEFINED [main] INFO  o.s.b.w.e.tomcat.TomcatWebServer - Tomcat initialized with port(s): 8080 (http)
2019-11-18 14:45:04.776 app.name_IS_UNDEFINED [main] INFO  o.a.coyote.http11.Http11NioProtocol - Initializing ProtocolHandler ["http-nio-8080"]
2019-11-18 14:45:04.777 app.name_IS_UNDEFINED [main] INFO  o.a.catalina.core.StandardService - Starting service [Tomcat]
2019-11-18 14:45:04.777 app.name_IS_UNDEFINED [main] INFO  o.a.catalina.core.StandardEngine - Starting Servlet engine: [Apache Tomcat/9.0.27]
2019-11-18 14:45:04.852 app.name_IS_UNDEFINED [main] INFO  o.a.c.c.C.[Tomcat].[localhost].[/] - Initializing Spring embedded WebApplicationContext
2019-11-18 14:45:04.853 app.name_IS_UNDEFINED [main] INFO  o.s.web.context.ContextLoader - Root WebApplicationContext: initialization completed in 818 ms
2019-11-18 14:45:04.987 app.name_IS_UNDEFINED [main] INFO  com.zaxxer.hikari.HikariDataSource - IotHikariCP - Starting...
2019-11-18 14:45:05.082 app.name_IS_UNDEFINED [main] INFO  com.zaxxer.hikari.HikariDataSource - IotHikariCP - Start completed.
2019-11-18 14:45:05.348 app.name_IS_UNDEFINED [main] INFO  o.s.s.c.ThreadPoolTaskExecutor - Initializing ExecutorService 'applicationTaskExecutor'
2019-11-18 14:45:06.214 app.name_IS_UNDEFINED [main] INFO  liquibase.executor.jvm.JdbcExecutor - SELECT COUNT(*) FROM jiay.DATABASECHANGELOGLOCK
2019-11-18 14:45:06.219 app.name_IS_UNDEFINED [main] INFO  liquibase.executor.jvm.JdbcExecutor - SELECT COUNT(*) FROM jiay.DATABASECHANGELOGLOCK
2019-11-18 14:45:06.220 app.name_IS_UNDEFINED [main] INFO  liquibase.executor.jvm.JdbcExecutor - SELECT `LOCKED` FROM jiay.DATABASECHANGELOGLOCK WHERE ID=1
2019-11-18 14:45:06.275 app.name_IS_UNDEFINED [main] INFO  l.lockservice.StandardLockService - Successfully acquired change log lock
2019-11-18 14:45:07.595 app.name_IS_UNDEFINED [main] INFO  liquibase.executor.jvm.JdbcExecutor - SELECT MD5SUM FROM jiay.DATABASECHANGELOG WHERE MD5SUM IS NOT NULL LIMIT 1
2019-11-18 14:45:07.596 app.name_IS_UNDEFINED [main] INFO  liquibase.executor.jvm.JdbcExecutor - SELECT COUNT(*) FROM jiay.DATABASECHANGELOG
2019-11-18 14:45:07.596 app.name_IS_UNDEFINED [main] INFO  l.c.StandardChangeLogHistoryService - Reading from jiay.DATABASECHANGELOG
2019-11-18 14:45:07.596 app.name_IS_UNDEFINED [main] INFO  liquibase.executor.jvm.JdbcExecutor - SELECT * FROM jiay.DATABASECHANGELOG ORDER BY DATEEXECUTED ASC, ORDEREXECUTED ASC
2019-11-18 14:45:07.642 app.name_IS_UNDEFINED [main] INFO  l.lockservice.StandardLockService - Successfully released change log lock
2019-11-18 14:45:07.700 app.name_IS_UNDEFINED [main] INFO  o.a.coyote.http11.Http11NioProtocol - Starting ProtocolHandler ["http-nio-8080"]
2019-11-18 14:45:07.718 app.name_IS_UNDEFINED [main] INFO  o.s.b.w.e.tomcat.TomcatWebServer - Tomcat started on port(s): 8080 (http) with context path ''
2019-11-18 14:45:07.720 app.name_IS_UNDEFINED [main] INFO  c.j.d.l.LiquibasedemoApplication - Started LiquibasedemoApplication in 4.267 seconds (JVM running for 5.168)
